<?xml version="1.0" encoding="UTF-8"?>
<!-- Generated by org.testng.reporters.JUnitReportReporter -->
<testsuite skipped="3" hostname="DESKTOP-9445UGT" name="validatepostmethod.Simpleposts" tests="6" failures="0" timestamp="27 Jun 2019 10:42:39 GMT" time="2.838" errors="0">
  <testcase name="test4" time="0.025" classname="validatepostmethod.Simpleposts"/>
  <testcase name="test5" time="0.444" classname="validatepostmethod.Simpleposts"/>
  <testcase name="test3" time="2.369" classname="validatepostmethod.Simpleposts"/>
  <testcase name="test1" classname="validatepostmethod.Simpleposts">
    <skipped/>
  </testcase> <!-- test1 -->
  <testcase name="test6" classname="validatepostmethod.Simpleposts">
    <skipped/>
  </testcase> <!-- test6 -->
  <testcase name="test2" classname="validatepostmethod.Simpleposts">
    <skipped/>
  </testcase> <!-- test2 -->
</testsuite> <!-- validatepostmethod.Simpleposts -->
