<?xml version="1.0" encoding="UTF-8"?>
<!-- Generated by org.testng.reporters.JUnitReportReporter -->
<testsuite skipped="2" hostname="DESKTOP-9445UGT" name="validateGetMethods.Get1" tests="3" failures="0" timestamp="23 Jun 2019 13:20:49 GMT" time="1.422" errors="0">
  <testcase name="test02" time="1.422" classname="validateGetMethods.Get1"/>
  <testcase name="test01" classname="validateGetMethods.Get1">
    <skipped/>
  </testcase> <!-- test01 -->
  <testcase name="test3" classname="validateGetMethods.Get1">
    <skipped/>
  </testcase> <!-- test3 -->
</testsuite> <!-- validateGetMethods.Get1 -->
