<?xml version="1.0" encoding="UTF-8"?>
<!-- Generated by org.testng.reporters.JUnitReportReporter -->
<testsuite skipped="3" hostname="DESKTOP-9445UGT" name="validateGetMethods.SimpleGet" tests="4" failures="0" timestamp="23 Jun 2019 13:23:23 GMT" time="1.125" errors="0">
  <testcase name="simpleGet2" time="1.125" classname="validateGetMethods.SimpleGet"/>
  <testcase name="simpleGet" classname="validateGetMethods.SimpleGet">
    <skipped/>
  </testcase> <!-- simpleGet -->
  <testcase name="simpleGet3" classname="validateGetMethods.SimpleGet">
    <skipped/>
  </testcase> <!-- simpleGet3 -->
  <testcase name="simpleGet1" classname="validateGetMethods.SimpleGet">
    <skipped/>
  </testcase> <!-- simpleGet1 -->
</testsuite> <!-- validateGetMethods.SimpleGet -->
